<?xml version="1.0" encoding="UTF-8"?>
<testng-results ignored="0" total="1" passed="1" failed="0" skipped="0">
  <reporter-output>
  </reporter-output>
  <suite started-at="2021-11-13T20:01:14 EET" name="Default suite" finished-at="2021-11-13T20:01:19 EET" duration-ms="4881">
    <groups>
    </groups>
    <test started-at="2021-11-13T20:01:14 EET" name="Default test" finished-at="2021-11-13T20:01:19 EET" duration-ms="4881">
      <class name="tasktwo.terkwazsecondtask.AppTest">
        <test-method signature="shouldAnswerWithTrue()[pri:0, instance:tasktwo.terkwazsecondtask.AppTest@7880cdf3]" started-at="2021-11-13T20:01:14 EET" name="shouldAnswerWithTrue" description="Check that the file has been uploaded successfully" finished-at="2021-11-13T20:01:19 EET" duration-ms="4862" status="PASS">
          <reporter-output>
          </reporter-output>
        </test-method> <!-- shouldAnswerWithTrue -->
      </class> <!-- tasktwo.terkwazsecondtask.AppTest -->
    </test> <!-- Default test -->
  </suite> <!-- Default suite -->
</testng-results>
