<?xml version="1.0" encoding="UTF-8"?>
<testng-results ignored="0" total="1" passed="1" failed="0" skipped="0">
  <reporter-output>
  </reporter-output>
  <suite started-at="2021-11-13T20:02:04 EET" name="Default suite" finished-at="2021-11-13T20:02:06 EET" duration-ms="1758">
    <groups>
    </groups>
    <test started-at="2021-11-13T20:02:04 EET" name="Default test" finished-at="2021-11-13T20:02:06 EET" duration-ms="1758">
      <class name="apitesting.terkwazapitesting.RandomCatFact">
        <test-method signature="getOneRandomCatFact()[pri:0, instance:apitesting.terkwazapitesting.RandomCatFact@31d7b7bf]" started-at="2021-11-13T20:02:04 EET" name="getOneRandomCatFact" description="get one random cat fact and Check that the respons &quot;text&quot; is not empty" finished-at="2021-11-13T20:02:06 EET" duration-ms="1738" status="PASS">
          <reporter-output>
          </reporter-output>
        </test-method> <!-- getOneRandomCatFact -->
      </class> <!-- apitesting.terkwazapitesting.RandomCatFact -->
    </test> <!-- Default test -->
  </suite> <!-- Default suite -->
</testng-results>
