<?xml version="1.0" encoding="UTF-8"?>
<!-- Generated by org.testng.reporters.JUnitXMLReporter -->
<testsuite ignored="0" hostname="DESKTOP-ADO" failures="1" tests="1" name="Test1" time="4.168" errors="0" timestamp="2021-11-13T19:52:22 EET">
  <testcase classname="taskone.terkwazfirsttask.AppTest" name="shouldAnswerWithTrue" time="4.148">
    <failure type="java.lang.Error" message="Text not found">
      <![CDATA[java.lang.Error: Text not found
at taskone.terkwazfirsttask.AppTest.shouldAnswerWithTrue(AppTest.java:31)
at java.base/java.util.ArrayList.forEach(ArrayList.java:1511)
... Removed 27 stack frames]]>
    </failure>
  </testcase> <!-- shouldAnswerWithTrue -->
</testsuite> <!-- Test1 -->
