<?xml version="1.0" encoding="UTF-8"?>
<testng-results ignored="0" total="1" passed="1" failed="0" skipped="0">
  <reporter-output>
  </reporter-output>
  <suite started-at="2021-11-13T19:56:39 EET" name="Default suite" finished-at="2021-11-13T19:56:48 EET" duration-ms="8831">
    <groups>
    </groups>
    <test started-at="2021-11-13T19:56:39 EET" name="Default test" finished-at="2021-11-13T19:56:48 EET" duration-ms="8831">
      <class name="taskthree.terkwazthirdtest.AppTest">
        <test-method signature="shouldAnswerWithTrue()[pri:0, instance:taskthree.terkwazthirdtest.AppTest@7880cdf3]" started-at="2021-11-13T19:56:39 EET" name="shouldAnswerWithTrue" description="Check that the text displayed is &quot;Hello World!&quot;" finished-at="2021-11-13T19:56:48 EET" duration-ms="8812" status="PASS">
          <reporter-output>
          </reporter-output>
        </test-method> <!-- shouldAnswerWithTrue -->
      </class> <!-- taskthree.terkwazthirdtest.AppTest -->
    </test> <!-- Default test -->
  </suite> <!-- Default suite -->
</testng-results>
